build/app/intermediates/manifest_merge_blame_file/debug/manifest-merger-blame-debug-report.txt
1<?xml version="1.0" encoding="utf-8"?>
2<manifest xmlns:android="http://schemas.android.com/apk/res/android"
3    package="com.yubei.yubeiapp"
4    android:versionCode="1"
5    android:versionName="1.0.0" >
6
7    <uses-sdk
8        android:minSdkVersion="16"
9        android:targetSdkVersion="28" />
10    <!--
11         Flutter needs it to communicate with the running application
12         to allow setting breakpoints, to provide hot reload, etc.
13    -->
14    <uses-permission android:name="android.permission.INTERNET" />
14-->src/main/AndroidManifest.xml:8:5-67
14-->src/main/AndroidManifest.xml:8:22-64
15    <uses-permission android:name="android.permission.MODIFY_AUDIO_SETTINGS" />
15-->src/main/AndroidManifest.xml:9:5-79
15-->src/main/AndroidManifest.xml:9:22-77
16    <uses-permission android:name="android.permission.WRITE_EXTERNAL_STORAGE" />
16-->src/main/AndroidManifest.xml:10:5-80
16-->src/main/AndroidManifest.xml:10:22-78
17    <uses-permission android:name="android.permission.ACCESS_NETWORK_STATE" />
17-->[:fluwx] AndroidManifest.xml:8:5-79
17-->[:fluwx] AndroidManifest.xml:8:22-76
18    <uses-permission android:name="android.permission.ACCESS_WIFI_STATE" />
18-->[:fluwx] AndroidManifest.xml:9:5-76
18-->[:fluwx] AndroidManifest.xml:9:22-73
19    <uses-permission android:name="android.permission.READ_EXTERNAL_STORAGE" />
19-->[:image_picker] AndroidManifest.xml:7:5-80
19-->[:image_picker] AndroidManifest.xml:7:22-77
20
21    <application
21-->src/main/AndroidManifest.xml:12:5-34:19
22        android:name="io.flutter.app.FlutterApplication"
22-->src/main/AndroidManifest.xml:13:9-57
23        android:appComponentFactory="androidx.core.app.CoreComponentFactory"
23-->[androidx.core:core:1.0.2] AndroidManifest.xml:22:18-86
24        android:debuggable="true"
25        android:icon="@mipmap/ic_launcher"
25-->src/main/AndroidManifest.xml:16:9-43
26        android:label="yubeiapp"
26-->src/main/AndroidManifest.xml:14:9-33
27        android:usesCleartextTraffic="true" >
27-->src/main/AndroidManifest.xml:15:9-44
28        <activity
28-->src/main/AndroidManifest.xml:17:9-28:20
29            android:name="com.yubei.yubeiapp.MainActivity"
29-->src/main/AndroidManifest.xml:18:13-41
30            android:configChanges="orientation|keyboardHidden|keyboard|screenSize|smallestScreenSize|locale|layoutDirection|fontScale|screenLayout|density|uiMode"
30-->src/main/AndroidManifest.xml:21:13-163
31            android:hardwareAccelerated="true"
31-->src/main/AndroidManifest.xml:22:13-47
32            android:launchMode="singleTop"
32-->src/main/AndroidManifest.xml:19:13-43
33            android:theme="@style/LaunchTheme"
33-->src/main/AndroidManifest.xml:20:13-47
34            android:windowSoftInputMode="adjustResize" >
34-->src/main/AndroidManifest.xml:23:13-55
35            <intent-filter>
35-->src/main/AndroidManifest.xml:24:13-27:29
36                <action android:name="android.intent.action.MAIN" />
36-->src/main/AndroidManifest.xml:25:17-68
36-->src/main/AndroidManifest.xml:25:25-66
37
38                <category android:name="android.intent.category.LAUNCHER" />
38-->src/main/AndroidManifest.xml:26:17-76
38-->src/main/AndroidManifest.xml:26:27-74
39            </intent-filter>
40        </activity>
41        <!--
42             Don't delete the meta-data below.
43             This is used by the Flutter tool to generate GeneratedPluginRegistrant.java
44        -->
45        <meta-data
45-->src/main/AndroidManifest.xml:31:9-33:33
46            android:name="flutterEmbedding"
46-->src/main/AndroidManifest.xml:32:13-44
47            android:value="2" />
47-->src/main/AndroidManifest.xml:33:13-30
48
49        <activity
49-->[:fluwx] AndroidManifest.xml:12:9-15:58
50            android:name="com.jarvan.fluwx.wxapi.WXEntryActivity"
50-->[:fluwx] AndroidManifest.xml:13:13-66
51            android:launchMode="singleTask"
51-->[:fluwx] AndroidManifest.xml:14:13-44
52            android:theme="@style/DisablePreviewTheme" />
52-->[:fluwx] AndroidManifest.xml:15:13-55
53
54        <activity-alias
54-->[:fluwx] AndroidManifest.xml:17:9-30:26
55            android:name="com.yubei.yubeiapp.wxapi.WXEntryActivity"
55-->[:fluwx] AndroidManifest.xml:18:13-66
56            android:exported="true"
56-->[:fluwx] AndroidManifest.xml:19:13-36
57            android:launchMode="singleTop"
57-->[:fluwx] AndroidManifest.xml:20:13-43
58            android:targetActivity="com.jarvan.fluwx.wxapi.WXEntryActivity"
58-->[:fluwx] AndroidManifest.xml:21:13-76
59            android:theme="@style/DisablePreviewTheme" >
59-->[:fluwx] AndroidManifest.xml:22:13-55
60            <intent-filter>
60-->[:fluwx] AndroidManifest.xml:23:13-29:29
61                <action android:name="android.intent.action.VIEW" />
61-->[:fluwx] AndroidManifest.xml:24:17-69
61-->[:fluwx] AndroidManifest.xml:24:25-66
62
63                <category android:name="android.intent.category.DEFAULT" />
63-->[:fluwx] AndroidManifest.xml:26:17-76
63-->[:fluwx] AndroidManifest.xml:26:27-73
64
65                <data android:scheme="sdksample" />
65-->[:fluwx] AndroidManifest.xml:28:17-52
65-->[:fluwx] AndroidManifest.xml:28:23-49
66            </intent-filter>
67        </activity-alias>
68
69        <activity
69-->[:fluwx] AndroidManifest.xml:32:9-35:58
70            android:name="com.jarvan.fluwx.wxapi.WXPayEntryActivity"
70-->[:fluwx] AndroidManifest.xml:33:13-69
71            android:launchMode="singleTask"
71-->[:fluwx] AndroidManifest.xml:34:13-44
72            android:theme="@style/DisablePreviewTheme" />
72-->[:fluwx] AndroidManifest.xml:35:13-55
73
74        <activity-alias
74-->[:fluwx] AndroidManifest.xml:37:9-50:26
75            android:name="com.yubei.yubeiapp.wxapi.WXPayEntryActivity"
75-->[:fluwx] AndroidManifest.xml:38:13-69
76            android:exported="true"
76-->[:fluwx] AndroidManifest.xml:39:13-36
77            android:launchMode="singleInstance"
77-->[:fluwx] AndroidManifest.xml:40:13-48
78            android:targetActivity="com.jarvan.fluwx.wxapi.WXPayEntryActivity"
78-->[:fluwx] AndroidManifest.xml:41:13-79
79            android:theme="@style/DisablePreviewTheme" >
79-->[:fluwx] AndroidManifest.xml:42:13-55
80            <intent-filter>
80-->[:fluwx] AndroidManifest.xml:23:13-29:29
81                <action android:name="android.intent.action.VIEW" />
81-->[:fluwx] AndroidManifest.xml:24:17-69
81-->[:fluwx] AndroidManifest.xml:24:25-66
82
83                <category android:name="android.intent.category.DEFAULT" />
83-->[:fluwx] AndroidManifest.xml:26:17-76
83-->[:fluwx] AndroidManifest.xml:26:27-73
84
85                <data android:scheme="sdksample" />
85-->[:fluwx] AndroidManifest.xml:28:17-52
85-->[:fluwx] AndroidManifest.xml:28:23-49
86            </intent-filter>
87        </activity-alias>
88
89        <provider
89-->[:image_picker] AndroidManifest.xml:11:9-19:20
90            android:name="io.flutter.plugins.imagepicker.ImagePickerFileProvider"
90-->[:image_picker] AndroidManifest.xml:12:13-82
91            android:authorities="com.yubei.yubeiapp.flutter.image_provider"
91-->[:image_picker] AndroidManifest.xml:13:13-74
92            android:exported="false"
92-->[:image_picker] AndroidManifest.xml:14:13-37
93            android:grantUriPermissions="true" >
93-->[:image_picker] AndroidManifest.xml:15:13-47
94            <meta-data
94-->[:image_picker] AndroidManifest.xml:16:13-18:75
95                android:name="android.support.FILE_PROVIDER_PATHS"
95-->[:image_picker] AndroidManifest.xml:17:17-67
96                android:resource="@xml/flutter_image_picker_file_paths" />
96-->[:image_picker] AndroidManifest.xml:18:17-72
97        </provider>
98    </application>
99
100</manifest>